<?xml version="1.0" encoding="UTF-8"?>
<testng-results ignored="0" total="1" passed="1" failed="0" skipped="0">
  <reporter-output>
  </reporter-output>
  <suite started-at="2021-10-14T21:17:32 IST" name="Default suite" finished-at="2021-10-14T21:17:51 IST" duration-ms="19036">
    <groups>
    </groups>
    <test started-at="2021-10-14T21:17:32 IST" name="Default test" finished-at="2021-10-14T21:17:51 IST" duration-ms="19036">
      <class name="testing.Activity2">
        <test-method signature="test()[pri:0, instance:testing.Activity2@d29f28]" started-at="2021-10-14T21:17:32 IST" name="test" finished-at="2021-10-14T21:17:51 IST" duration-ms="18979" status="PASS">
          <reporter-output>
          </reporter-output>
        </test-method> <!-- test -->
      </class> <!-- testing.Activity2 -->
    </test> <!-- Default test -->
  </suite> <!-- Default suite -->
</testng-results>
