<?xml version="1.0" encoding="UTF-8"?>
<testng-results ignored="0" total="2" passed="2" failed="0" skipped="0">
  <reporter-output>
  </reporter-output>
  <suite started-at="2021-10-14T15:31:42 IST" name="Suite" finished-at="2021-10-14T15:31:42 IST" duration-ms="77">
    <groups>
    </groups>
    <test started-at="2021-10-14T15:31:42 IST" name="Test" finished-at="2021-10-14T15:31:42 IST" duration-ms="77">
      <class name="testing.Activity1">
        <test-method signature="test()[pri:0, instance:testing.Activity1@29e495ff]" started-at="2021-10-14T15:31:42 IST" name="test" finished-at="2021-10-14T15:31:42 IST" duration-ms="10" status="PASS">
          <reporter-output>
          </reporter-output>
        </test-method> <!-- test -->
      </class> <!-- testing.Activity1 -->
      <class name="testing.Activity2">
        <test-method signature="test()[pri:0, instance:testing.Activity2@49912c99]" started-at="2021-10-14T15:31:42 IST" name="test" finished-at="2021-10-14T15:31:42 IST" duration-ms="2" status="PASS">
          <reporter-output>
          </reporter-output>
        </test-method> <!-- test -->
      </class> <!-- testing.Activity2 -->
    </test> <!-- Test -->
  </suite> <!-- Suite -->
</testng-results>
